<?xml version="1.0" encoding="UTF-8"?>
<testsuite name="TimeTest" tests="4" skipped="0" failures="0" errors="0" timestamp="2018-07-09T04:10:44" hostname="Neeshas-MacBook-Pro.local" time="0.001">
  <properties/>
  <testcase name="testMorningToAfterNoon" classname="TimeTest" time="0.0"/>
  <testcase name="testMorning" classname="TimeTest" time="0.0"/>
  <testcase name="testAddingTwelveHours" classname="TimeTest" time="0.0"/>
  <testcase name="testAddingThirtyHours" classname="TimeTest" time="0.001"/>
  <system-out><![CDATA[]]></system-out>
  <system-err><![CDATA[]]></system-err>
</testsuite>
