<?xml version="1.0" encoding="UTF-8"?>
<testsuite name="SchedulerTest" tests="3" skipped="0" failures="0" errors="0" timestamp="2018-07-04T21:14:33" hostname="Neeshas-MacBook-Pro.local" time="0.022">
  <properties/>
  <testcase name="testTalkTooLongException" classname="SchedulerTest" time="0.004"/>
  <testcase name="testOneDayScheduler" classname="SchedulerTest" time="0.015"/>
  <testcase name="testManyDaysScheduler" classname="SchedulerTest" time="0.003"/>
  <system-out><![CDATA[]]></system-out>
  <system-err><![CDATA[]]></system-err>
</testsuite>
